i do not feel in the country 's précepteur role as could be spring and i do not intend to be part of these international leagues like the time , these companies have become too important .
full beauty
anything you want to beauty and welfare , near .
this is the target quesemble having el confederation inglés just introduced in the commercial centre of multidisciplinary callao , madrid , an area of more than 1,000 m2 , dedicated to the care and attentiondu body .
the prestigious aps , located on the eighth floor , hosts enseignes as hedonai , specialist in épilation laser , spaxion , with its relaxation rooms and cosmetic treatments , luis & tachi hairdressers , marina gold , with a sport hall , or occitan cosmetic and its natural , among others .
there is as much , with a particular food tea shop , which is more than 130 different kinds .
spaxion propose them to enjoy a massage relaxant exceptional with your companion , while looking views on the capital , or praise for two hours the relax area to get your own " beauty party " with eight of your friends , and you relaxer through a session of jacuzzi , massages while drinking a cup of champagne .
in total , 250 m2 divided into 12 rooms , where it can get care the face of the most innovative and hydrothérapie body .
, such as the cavitation to combat cellulite and vibrant platforms .
the sport has also equipment room , and " trainers " virtual informing the customers , offering them completely personalised treatment .
starts with the introduction of personal code on a screen tactile , located in front of the device .
several video shows how do our programme of action properly .
its director is only 15 minutes - including échauffement and étirements - suffice to work all the muscles of the body .
and , if after work our bodies , we want to go through the hairdressing salon , teaches luis & tachi has a room where the proposal of ritual repair the hair , or nutrition , personalised daylight .
innovation and urban exclusive appear to have been the watchwords of the spa , which is open every day of the year of 10h 22h .
various décolletés
christmas and there is no harm to study the look of stars to adapt it to the garde-robe celebration .
the form of décolleté very important to highlight the size , is one that we must take into account variables .
few ideas .
the singer fergie chose a décolleté exaggerated and very difficult . it is not advisable .
endesa and barcelona , has an electric car
electricity company endesa , together with the barcelona ayuntamiento has created " oficina live . "
it is a project to develop and promote the electric car to the catalan capital .
" oficina live as logistics in establishing electric vehicles define and coordinate the roadmap for the introduction of the electric car in the city and will implement agreements on mobility , through steps to coordinate with subsidies , etc.
moreover , developing the draft movele promote the electric car will gain the opinion and work of sectors .
finally , the idea is to what will transport of the future .
3 , electric cities '
but barcelona is not the only city that will be in establishing the electric car in spain .
madrid and seville will join the project .
the three cities selected by the government , as part of the plan movele , to start the establishment of the electric car .
electricity company endesa has signed a framework agreement with the generalitat catalonia .
it aims to promote technological research and development in the autonomous region of catalonia .
these are the energy activities , especially the energy efficiency .
this is not the only initiative involved endesa on promoting the electric car .
the company takes part in european standardization groups across and additional during a series of projects as the g4v , elvire or cenit verde .
zapatero sees a future of peace for engine sector
the president of the government , jose luis rodríguez zapatero , sees a future of peace for the spanish car industry , he said , is the country 's main export sector .
during the presentation of the president of the government 's economic report for 2009 , zapatero said the measures taken by the executive during the year to support the automotive industry .
" without the automotive industry competitive plan , we would now have a landscape abandonment , closure of some of our key production sites , said the president of the government .
" with this plan and the decision of brands to remain in spain , in a highly competitive sector , we can see a future of peace for the future of the industry , which is our main export sector , " he said .
in this respect , he pointed out that the plan of competitiveness , included in the plan full automotive - member , has spent 800 million euros for 19 projects manufacturers and 137 subsidiary companies , which have used an investment of more than 3,000 million euros .
the chief executive said the investment was for development of new models to the modernization of existing products and processes .
zapatero has also stressed the government measures to support the demand , to 2000e plan , developed in collaboration with the autonomous communities and the car companies .
according to the president , it has reduced to 6 % average emissions from new cars sold in the spanish market and have contributed to a sharp rise of immatriculations , which grew by 40 percent in november .
20,000 square metres of vintage cars
madrid hosts the first edition of the collection internationaldes car show , an area of passionate meeting for professionals and the engine of the world .
this initiative will rise from 5 to 7 february 2010 at the casa de campo madrid pabellón ball .
ils' exposure is an area of 20,000 square metres , which will be more than 200 domestic and international exposants .
we can not only identify effect and car collectors , but it will also classicauto madrid engine articles in any way connected to the world .
flag and , in exposants , we can find some minor spare parts , components , textiles , miniature supplements , reviewed , and aids .
hundreds of items related to the world of motor collection will happiness and curious collectors , however .
among the companies involved , we will , among others , clásicos mos car sales and good old times , specialists , juan lumbreras , catering , coupe-francisco pueche sale and restoration of automobiles , or cochera clásicos mercedes benz specialist .
aptitude test outside
but the parallel trade of this show will also include activities : sports gatherings , exhibitions aptitude tests , presentations and competitions .
aptitude tests with cars and effect collection will also take place on a developed outside the park circuit exhibitions .
mazda3 sustainable i-stop : sporting spirit
mazda will demonstrate a sporting spirit is not angry with respect to the environment .
for this purpose , it has to incorporate the mazda3 engine arrest and launch system , called i-stop , a measure which , at least for the moment , there is the 2.0 gasoline engine of 150 horses .
this second generation mazda3 shows by the note that it did in its entirety .
details , finishing the vehicle , the habitabilité , behaviour and mechanism , the system i-stop ...
those issues are outstanding on the new mazda3 .
starting with the driving position , it appears that the seats fronts have ergonomie and excellent setting .
the reach of the wheel is nice .
by continuing with all formed by the management and control both the equipment , we see how mazda continued along the tendency to create an internal futuristic design , with many japanese buttons and orders , as well as vivid colors red and blue .
this style reminds us , partly : honda civic .
therefore we can say that both the mazda3 and civic , both japan contrast with moderation of german products , particularly with the volkswagen golf , which all want to overcome .
in tangled with japan 's shop , the vehicle is habitabilité more than enough for four adults travel with a high level of comfort .
added to this great boot to regular forms .
engine arrest and start automatic system , at least for now , is available on the gasoline engine two litres and 150 horses and manuel change six speeds .
this engine is a true happiness . it shows by its delicacy , low noise , benefits and control of its consumption .
indeed , although the most requested mazda3 are diesel models , those who do not carry out a lot of kilometres per year should not exclude this i-stop with gasoline engine , both for his great comfort to speed and controlled consumption .
on the equipment , the model chosen for the test is the sport , meaning that has the largest number of elements of series .
series of equipment , an assistant of change of road - rvm that removes one death , the speed traction and stability control , the regulator , the mirror photosensible internal , a computer on board on a large screen size , the independent parking sensors , air conditioning , the rain and light , the capteur bluetooth and audio , as well as the wheels of the bluetooth alignment of 17 inches , are particularly noteworthy .
furthermore , as the equipment is not enough , this version had the pack premium for 1,500 euros , include elements of the adaptive headlights bi-xénon disc audio system and bose with charger .
more
the mazda3 2.0 i-stop is one of the best cars compactes category .
it shows in particular by the quality of materials used by his behavior and its high standard equipment .
moreover , those who do not perform many kilometres per year will opt for the i-stop involved only the gasoline engine version 2.0 150 horses .
the only drawback of this model is its cost , which is between 21 770 euros for finishing luxury and 23 270 euros for the tested , the sports model .
for this lot , the mazda3 every day we will provide a high degree of satisfaction .
" first luxury
l.a. is the red carpet of sensualité embodied by penélope cruz nicole kidman and fergie .
the stars have blinded , more than ever vêtues also elegant sexys models for the withdrawal of nine - pictures : gtresonline .
our ep , as sophisticated as accustomed , had opted for " lady " dark .
fonpeek 's pledge
peek is extremely limited , it is a mechanism that allows only to watch his email , without the opportunity to see even kind of coins attached or browsing internet .
he profita about five minutes of glory in the united states when time magazine désigna as one of the products of this year .
in truth , it is difficult to see in the streets , but it seems interesting , especially for young people .
unlike smart phones , peek offered a low price and a monthly subscription is less than half of the costs , for example , the subscription data iphone .
given his success , the company has launched two new devices : designed exclusively for twitter , one with a free service life of data , six times more than the peek .
fonpeek presented yesterday in the event it is the european version of invention and third incarnation .
it is so limited that the american grand-frère , but with surprise .
the price of its monthly subscription , some 12 euros , including roaming across europe .
those who travel with a smartphone know what is the abandonment to data when you cross the border or seek desperately a cafeteria on the wifi - or a connection of fon to check his post .
an roaming at a fixed price is incredibly seductive and long it should work .
indeed , some companies have special arrangements and options journey , but as far as i am concerned , i would need for her thesis physics for understanding and good glasses to read the fine print .
repeated calls for order the european commission to propose affordable roaming fees in europe have been a barely perceptible effect .
outside their home country , people hesitate to use the data and was not wrong .
as a small plane as fonpeek - it is strange that he is called fon when he does not possess the wifi - offer this kind of tariffs , means that operators are starting to think differently and study various proposals to increase their computer network .
kindle another good example , it includes downloading books and further research on the internet .
without subscription together .
is a mechanism connected and it pays in its purchase and not every month .
and that is what i hope one day to purchasing fonpeek : an option with access to life as peek says in the united states .
not that i want to buy .
i see my mail on my phone , thank you .
i would simply because i believe it is a fairer formula for consumers .
it would be interesting to see a computer with the system .
colour preferred michelle
the yellow , without doubt , favourite colour of the first lady of the united states .
if it went to the assumption of office of barack obama 's presidency of the united states with a habit ' and a coat of this color , they , in fact , chose the same to support the second time , no doubt , the most important of his life in oslo : the award of the nobel peace prize .
michelle obama was a very similar model both times : besides colour yellow ressemblante , a shooting towards the green with bright , twice , holding views consisted of three parts : the habit ' , jacket and , at the same , tissue and coats ornée of great broderie or a string .
so that a first glance , it seems that the first lady of the united states following the aftermath of princess of asturias and chose to get the same place .
the fabric for carved up the two blocs make them very different .
if the assumption of office there was a thick dentelle in oslo , however , it was a velvet printed .
the accessories are different : green shoe to heel means for the first time , and a similar pattern golden , but this time .
hairdressing it has changed : hair are faced when it was abandoned last time .
75 % of professional working mothers had problems because of maternity
discrimination in employment increased in recent years , especially for women of young people who want to be mothers .
that reveals the study fertility and professional women in spain , conducted by the csic together with the instituto mujer .
the survey , conducted on 9 737 women 15 to 75 , leaves no room for doubt that 75 % for working mothers have seen their careers limited because of motherhood .
the study indicates that there are many differences regarding the early life couple and the number of children , whether or not the woman works and occupied the kind of job .
those who do not work outside the home , work part time work or have little stable , reached earlier in a partnership , and have more children have their first pregnancy earlier .
however , women who have a stable job , especially in the public sector , postpone entering the couple living and the first pregnancy , and have fewer children .
women between 35 and 49 years with a fixed work have their first child , on average , 3.7 years after having built in couple . this figure is 4.1 among those in the public sector . " these data show that women have a stable job requiring more time in their lives for that , which led them to postpone the union and the arrival of the children .
more broadly , the type of job exercised influence the babies , but not the starting date of cohabitation , " explains the chercheuse csic margarita delgado .
levels of education is another factor widening the gap in the age of marriage of women and their first child .
according to the survey , the higher the level of training , they marient have their first child late .
difference remains among women of the same generation .
for example , in a group of between 35 and 49 years , those who are educated elementary and higher respectively been mothers for the first time 25,1 and 32,1 years on average .
" another disctinction appears among women , according to their study .
while those who carry out the basic studies marient and have their first child before to find a stable job , those studies of average level or above reverse it and give priority to obtain a stable work as a condition for marriage and the arrival of a child , " says mrs delgado .
diane kruger as well is
cosmetic paris has just add a new name to the list jalousée ambassadors , diane kruger .
from next year , the german actress will embody the image of several of the brand products , entonnant universal currency " because i am worth well . "
the protagonist of merry christmas , one of the most elegant players on the international scene , involves join other celebrities included in the cosmetic paris , like linda evangelista , jane founded andie macdowell , eva longoria and spanish penélope cruz .
before it , the latest to enter the club if select players have been evangeline lilly , lost and freida pinto - this millonaire .
humans , the luxury brand cosmetics account ambassadors : patrick dempsey - dre grey , anatomy lesson , matthew fox , the companion of evangeline lost .
british fashion prices
they have much to say about the world of fashion .
its biggest creators and models representatives yesterday and today , gathered for the annual award of the price , which took place in london at the royal court of justice .
nobody missed the deadline .
the former elected mannequin jerry hall and daughter georgia may jagger , best mannequin of the year .
poker in as manuel vincent
manuel vincent is in poquer ases alfaguara as examples of fernando vicente , thirty " radiographies " writers who have crossed his literary life - and sometimes , another life .
it does not according to gender predictable and apprehended , short biographique , life and work , but also something similar to the character created core of ignition .
travel is exciting and vincent savings or the scares not illuminations .
delicious fun , this book is moving an invitation to readings and relectures .
you have a snapshot .
on albert camus ' in its pages , i discovered that the mediterranean sea was not a physical , but a spiritual pulsion almost my experience , that even without the name : the pleasure against the sad fate , morals without guilt and innocence no god . "
on samuel beckett , nihilistic christian allégorique , he wrote what he had in blood , not in the head , between powerlessness and ignorance , with splendid poetic humour , fierce meaningless , like the sword of the knife that failed the killing . "
on graham greene : " our man was inspired by her passion that lasted 13 years , in the flesh of which it conjugua emotion adultery in a spiritual joy of compunction , a privilege that was to reach the sky by the road to perdition . "
on james joyce : " ulysses was published in paris in 1922 by sylvia beach . it is one of eight thousand metres summits of world literature , to climb in the north , where the best alpinistes dropping still made . "
about william faulkner : " it was a strange kind .
sometimes by himself , he said it was the heir of a county landowner and others that he was the son of a black and a crocodile .
both dreams were greatness . "
on louis-ferdinand céline : ' this recueillit writer what it has pushed for a bridge by this man to munch for his response to the bottom of the night of the 20th century , in form , as he did in the escape of literary and given the violent after the fact with a speech to asticots . '
on dorothy parker : " one day she began to its knees and prayed : " dear god , i beg you to that i always write as a woman . "
on joseph conrad : " on his tomb were set to spenser : " sleep after the effort , and after the storm the port , and the rest after the war , and after life , tired death are pleased with . "
on virginia wolf " in her luggage were also his depression .
her husband very usually say that eduard accepts vii épiait between azalées or that birds chantaient in greek .
has never seen a man as patient and lovers of a neurotic whose literary talent exceeded madness . "
on pío baroja : " did martín-santos except to try to hide joyce in baroja ?
that sought benet except to fusiller faulkner baroja ?
that made it if it is to lobby the glory of the man for he used grace ? "
this cowardly aggression
last week , my mother , who approximately 70 years ago , promenait fuenlabrada in our district of the city , when a group of young people aged between 15 and 18 rose alongside it and our dog , a sang-mélé , saved the spa and weighing no more than six kilograms , and without saying a word , they assenèrent feet who grew the dog seriously injured two birds .
outrage is great because we do not see what is funny defenceless attacking free a small animal , moreover , was on a leash .
this is in addition to the outrage by a lady promenait calmly and , when it came to fear for injuria individuals physical integrity as a énergumène attacking an animal is capable of doing the same thing to a woman , a child , a ' or ultimately anyone lower than him .
the episode came at around 5 p.m. , tuesday as another , in an area normally quiet .
the dog gémi all day .
naturally , we filed complaints to the station even though we question whether it furthers district of much and not to touch the sensitivities , we just want to stress that the cowardly murderers were spanish .
indignation has led us to denounce .
we do not understand what happens to young people to find amusing to mistreat defenceless free an animal who gives us love , friendship and keeps us company .
we do not know where is good education and respect for animals and people .
michelin and fesvial sets for the port of headphones
the tyre manufacturer michelin , in cooperation with the spanish foundation for road safety , fesvial , has launched a campaign to encourage the use of helmet , mainly among motorcyclists youngsters like said today the two bodies .
this initiative aims to raise awareness of the importance of wearing the helmet , since it is the only element of protection to avoid head injuries , or even death , in an accident two wheels .
michelin said that the campaign was in keeping with his commitment to road safety , which goes beyond the design and manufacture of products more secure " and said it helped to this educational by other actions and informative .
this new campaign encouraging the port of helmet on two wheels , under the slogan " to be but not to be , " a first stage in which include posters will be distributed in more than 500 garages effect , in order to guarantee the widest spread .
finally , michelin said road safety is a constant concern for the company as tyre manufacturer vehicles on two wheels , one of its main objectives is to develop products increasingly safe .
sales of light commercial vehicles advances
nearly two years after the light commercial vehicle market beginning to see some light at the end of the tunnel .
the 9 425 vehicles registered in november in spain is an increase of 12.6 % from 2008 and , more importantly , they represent the first increase after 22 consecutive month of decline , according to estimates by the patronal manufacturers association anfac and ganvam the dealers .
it is to balance the good news , as a reference for the comparison , the november 2008 , was particularly bad , with a reduction of 60 % compared with the previous year .
so despite last month 's events , the immatriculations accumulated during the 11 months are 40 percent below those of the previous year .
since january , if we add all vehicles entering the category of light commercial vehicles - derived from cars , vans , pick-up light fourgons and light trucks to windows 95 853 were sold .
high clouds that affect their request did not disappear . in fact , despite being bought by individuals , most of the purchases are made by small and medium enterprises , who pay in nearly 100 % with external funding .
as more restrictions involved by restricting credit , we must say other factors such as the rise in the unemployment rate and the continuation of the bad economic situation .
faced with this situation and the difference of cars , support for the procurement of 2000e were used .
as well as individuals , independent and those who want to take a light commercial vehicle up to 3.5 tons with a degree of co2 emissions that does not exceed 160 grams per kilometre , can also benefit , but the number of operations speaks for itself .
yesterday , in ganvam recalled once again the need for the administration to pay particular attention to these industrial vehicles and vehicles , trucks and buses .
the dealers ' association provides a 2010 similar to that is over , why it is falling sales , from cars and the suv 19 % .
emergency brake is now required aid
as has occurred with the system anti-lock restrictions abs and it will take place with stability control esp , emergency aid brake systems will be compulsory element on european cars .
mandatory are already on the newly registered passenger cars and light commercial vehicles , while the rest of a period of vehicles has been set up to end february 2011 .
the measure , imposed by the european union , aims to strengthen the protection of pedestrians , though , in its course of action , it can also help prevent many blows back .
an assistant to the emergency brake is increasing pressure on emergency brakes detected by the system through shot in the foot of the driver .
but it has not always pressure until the end .
according to a study by the manufacturer of car components bosch , one third of drivers involved in accidents did not support the brakes before the collision , and half of them did not profit from its full force .
until 1 100 accidents
what aid , revancha , requires maximum braking system , reducing the distance the car needs to stop .
according to a study by the eu , if all cars were with this type of points , up to 1 100 pedestrian accidents in which involved could be prevented each year .
this reduction would be even more important with the popularisation emergency braking as intelligent systems : it is a sinister four with injuries would be avoided .
in that case , the vehicle is equipped with a system that with a radar or a camera , detect obstacles and prevents the driver , in addition to slightly on the brakes .
when the driver is applied , it helps increasing the pressure on the , if necessary .
if it does not act , that the crash is inevitable , it has a maximum effort in checks to minimize the damage .
general motors postponed until january the opel plan
when workers of the opel plant in figueruelas zaragoza , were warned by nick reilly , the new president of general motors - gm europe , that the production of the new meriva would be launched in the first week of april - may 8 , according to javier ortega , the north american manufacturer has warned that it will need more time to conclude the opel rescue plan .
nick reilly , the new president of gm europe , to each of the plan was approved in advance by the side .
and that could mean that the final document will first be submitted to workers and the governments of the countries where plants , be postponed until early 2010 .
however , among gm means that a decision on the sale of saab should take place in the coming days .
it is hardly surprising that the swedish government has stepped up pressure on the american manufacturer to take a decision soon .
gm agrees in touch with possible new buyers .
one of them could be geely , which aspires to acquire volvo , but the application of the dutch sports car manufacturer skyper , supported by the russian converg is increasing in importance .
if there is agreement with any of them , gm could sell part of saab baic chinese company .
close saab 's decision at the end of the year if not sold is maintained .
driving a porsche boxster spyder
to design their final porsche and valuable gem , engineers went to the boxster s and succeeded in the amincir nothing less than 80 kilos , leaving the balance only 1 275 kilos .
this led to happen in the first place , the automatic roof which has been replaced by a roof bâché manuel , to reduce 21 kilograms , using doors in aluminium as another the gt3 , 15 kilos of less , to remove the climatiseur , 13 kilograms , reduce the 64 to 54 litres of petrol tank , 7 kilograms of sports bacquets earned to climb , 12 kilos , and light with tyres 19 inches , five kilos .
they have stopped using audio system cdr-30 , earning six kilograms and replaced the poignéesdes door handles with tissues , saving the remaining kilo .
although the model exists with the pdk box with a double embrayage manual , the test was carried out on a pretty box of six speeds , mainly on secondary roads of network of california , especially in mountains , with however tortuous .
its behaviour can only be described as pure .
reducing weight does not drive the car on the ground with aplomb .
on the contrary , it was until we had tested a model as small and light at the same time , guarantees provided security in the however , including high speed .
it is a small athlete , capable of échauffer its musclesà small rate during the time , until we ask him to sprinter , to curb , to recover and to push his engine ...
is out what we wanted . through his leadership as forthcoming as precise , the car will show our hands on the steering wheel .
and will with surgical precision .
the engine will
the sound of her constantly boxing v6 , with 320 horses - 10 more than the boxster - was particularly well and can be strengthened with the " sport " option or through a system that is changing engine rugissement , already used the panamera .
the ability of acceleration is brutal , both ruling or success .
the suspensions are uncomfortable farms but not hard .
road surface we travelled with the boyxster spyder was quite blighted , but the car has handled the nests of chicken .
electronic assistants were barely here on the route , while some however we found the ice in the early morning and graviers later in the morning .
in short , a car ultralégère , most divertissantes lead and is much more than simple change to the boxster s.
the car will be put on sale in february last year , at a cost of 831 70 euros .
bag " girl '
intimate friend of karl lagerfeld , icon of the line coco cocoon and occasional starlette parades of home , the singer has its face bad girl with such quantities its bags chanel .
more than a " bad girl " or " it girl is a " bag girl .
the baskonia is a victory for israel
the caja laboral won a resounding victory in hard 91-82 during his visit on the ground of maccabi electra , despite repeated absences , whose team suffered from dusko ivanovic . it is at the top of his group , after the great spectacle of mirza teletovic , with eight baskets to three points was the best of his team , 29 evaluation .
vitoria 's team has managed to fill the important absence herrmann , oleson huertas or micov by a high degree of commitment and collective work , even if it had to wait until the end to victory .
moreover , the great skill in the perimeter , with 16 baskets to three points scored détermina largely the final victory .
the match started quickly to the blue and red , which had the advantage from the start .
the fact that the first four baskets of vitoria team are marked from the perimeter , there was that they were hit on the ground with the israeli poignets hot .
english and teletovic was the main sponsors of the first quart-temps final 18-20 .
the second quart-temps was in the same tone , but the team of internal barac alava took the game and the eliyahu , who has been received with cheers and applause from returning to his old home , to increase their advantage in the break - 34-43 .
teletovic already started to draw attention to themselves as the best player of his team , with 13 points scored , while the least six evaluation splitter was already predict that night was not the best of brazilian .
but in this game , despite the fact that they were on the right track to the break , nothing was done , far from it , and the team of avala sought to remind of vitoria do not win so easily on their land , and thanks to the hand of elias , they succeeded in entering the match .
eidson and pnini contributed significantly to the yellow take advantage on light - 50-49 .
other issues
ivanovic , injured players , but far from dead , needed to follow some actions were to take the air , and then tell the mitraillette mirza teletovic , with three consecutive baskets at three points and the help of english and ribas remit the reassuring to score - 54-67 - meter and the local succeeded to increase at the end of the third quart-temps - 57-67 .
the team of avala sortit to play it for the recently and english and san emeterio - 60-75 avisèrent they would not tired person they take what they earned during the first 30 minutes .
pnini eidson , the best of their team , however , did not résignèrent and tried to support in line with the three points , 70-77 .
despite this , and splitter ivanovic eliminated by mistakes , players can only be précipitèrent , advocated , and the israelis are converged at the last minute , 80-85 , the game was already up and victory was in tel aviv for the first time in the season .
injuries prevented unicaja battle
the unicaja lost loudly in greece in olympiacos and gave him the lead in group b of the euroligue , in a match marked by the absence of the unicaja players , especially in the internal game - freeland , lima and greek archibald - which have facilitated the victory .
malaga 's team was not intimidated by the mood of the flag of peace and friendship and the scale of the rival , without doubt one of the most powerful europe with a big budget .
the game of the first quart-temps , has helped to make the andalusian dream . an aggressive defence and three consecutive baskets to three points , two from leader omar cook and one of guillem rubio has ébloui local team 12-18 in the ninth minute .
the olympiacos was surprised by the intensity of the unicaja , although the local team arsenal with the game within bourousis vujcic and schortsanitis , has helped to topple the score 22-20 , in the 13th minute when action , a beginning of fight between american leaders beverley and williams led the disqualification of the two players .
greek team has begun work showing its superiority in the two sides , while the exit to injury of english pivotal joel freeland and three fouls personal carlos jiménez pesaient on unicaja .
domestic players and the ailier lithuanian linas kleizas with baskets to three points , creusèrent 44-32 advantage in the 19th minute .
an impossible rise
the third period was particularly offensive olympiacos , despite the 19 losses was higher and came to match the difference of the contested in malaga 66-48 meeting , at the vingt-septième minute , making totter head the group .
unicaja tried to overcome absences and the last out of the scottish pivotal robert archibald injured during the meeting .
despite all these problems , unicaja thanks to his organization , to cook baskets at three points , and support for lewis , expressed hope with 66-57 , at the trente-et-unième minute .
but the victory was almost impossible because olympiacos might be harsh when players were pressure and showed their superior centimeters in the area .
the croatian central nikola vujcic manages to raise the score to 81-62 , the trente-septième minute and unicaja soumit , accepting the victory of olympiacos .
that should be paid from your facebook profile ?
facebook users can know the salary they deserve under their profile , thanks to a new trovit application , the search engine with the greatest number of small estate ads , employment and vehicles in spain .
the tool " that should be paid ? " calculates the wages of users from more than 140,000 offers jobs available trovit in spain from a form available on facebook , where you put your profession , your years of experience , age and the town where you want to work .
last week that enforcement works , the search engine has detected in general , the spanish worker is poorly paid , said in a statement in charge of trovit , albert ribera products .
according to trovità data from its search engines in britain and france , the spanish are less money .
a british computer programmeur receives annual gross 45 226 euros and a frenchman , 31 059 , while spain receives 24 thousand euros .
similarly , a driver is 34 annual gross 247 euros england , 25 751 16 420 in spain and france .
according to trovit , work the worse in spain is server , with net annual 11 592 euros , followed by the seller , with 14 725 euros , and workers , with 15 667 euros .
jobs most wanted on the internet over the past three months are the driver , the jobs in half and social worker .
brazil sets a date for the start of zelaya
the brazilian government a deadline for the manuel zelaya 's stay in its embassy in tegucigalpa .
the deposed president must abandon diplomatic légation by 27 january 2010 , an official date for the end of his term .
francisco catunda responsible for cases of the brazilian embassy in the capital of honduras , globo tv confirmed that " mel knows he must leave the embassy , where it is refugee since september 21 , before that date .
" he knows that he should focus on 27 january , at the end of his term , he must find another destination . "
the channel has quoted the former agent , who confirmed his intention to leave the embassy before the end of deadline set : " my position is logical to leave as soon as possible , with support from the brazilian government , " zelaya said by telephone .
after the 29 november elections , when porfirio lobo was elected , zelaya said that remains in the brazilian embassy until january .
however , the same week , he tried to seek asylum in brazil .
operation ultimately failed , as zelaya has rejected the condition of political exile that would impose the government led by roberto micheletti .
thanks
after days rose since last spring , when inflation was the dominant note assets on the markets , uncertainty arises again , it is not surprising because it is their natural state , in an area where the agents to take decisions on an uncertain future by nature .
the remedy used by central banks to stabilise the markets was the direct purchase of assets to monetize the debt and indirectly by abundant liquidity rates close to zero , so that the purchase of assets to mobilize financial institutions .
central banks have already confirmed that the direct purchase of assets have almost been finalised , and , without prejudice to their political maverick liquidity are starting to put a bit of sand in the machinery , such as the ecb , with contracts to a year of next week .
investors therefore doubt the ability of the global economy to maintain an economic recovery without heterodox measures and we are witnessing a inversely to reduce the risk premium .
scholarships and different business obligations volatility rise again , although they remain distant paranormaux levels they have reached at the beginning of the year .
states were forced socialising risk private and public debt is threatened once again .
there is again a flight to quality and the united states , japan and germany were refuges chosen by investors , provocative growing differences between germany and the euro zone countries .
spain was hardly affected by this episode of instability , but then standard & poor 's threatened further downward revision of the qualification of the kingdom of spain .
on the other hand , some uncertainty is not a bad moral risk , which advocates to silence tried again to create a case of awareness among lesresponsables global economic policy which had impeded the destructive effects resulting from the credit limit on the destruction of employment , and what we should do is declare a new action day pardons .
but the situation of dubai like a struggle between tribal sheiks to restore its place in power in the emirates and we have already seen the case of greece .
a government which hides a deficit , elections and a new government finds the pot with roses .
prodi did italy after berlusconi and socrates portugal durão barroso .
it is quite irrational ecofin saves hungary a breach of its external payments at the start of the year and allow a euro country for not fulfilling its commitments .
what makes sense , however , is that the ecofin incited the greek government transparency and give people share the extraordinary measures are needed to maintain the stability of its public finances .
if , as expected , we have a transitional round of normalization of risk premium , after some excesses in positions would be expected .
in spanish , then our differences in the public debt has risen to match the obligations of european companies , nousn' have not worry us .
if our differences and that europeans were kept increasing , then we would be a risk idiosyncrasique spanish .
the standard & poor 's case is a story . when our forecast indicators most studies services must anticipate their models of recovery and revise upward their forecasts for 2011 , with the oecd and the european commission , which are met with a japanese model pourl spanish economy , it adds little hope for their warning .
again , we all seem to be an excellent opportunity to buy assets spanish , although for the moment " caution is mother safety . "
connected areas
president of iberdrola , ignacio sanchez galán , yesterday , was the first to speak before the congressional subcommittee members , is discussed these days spain 's energy strategy for the next two decades .
after his speech , which was followed by the president of gas natural-fenosa rafael villaseca , mr galán outlined for the press he suggested to the subcommittee , huit-clos .
for president of iberdrola , spain needs to invest 50 million by 2020 and 60 000 million between now and 2030 , if the nuclear power plants in operation remain open today .
if not , the investment but will not estimated at 60 billion to 95 million .
iberdola , however , believes that for the next decade , investment should not be on increasing the production capacity , but the distribution networks and the international connections .
from 2020 , exchange , and it will increase power .
his gamble focuses on both gas and coal plants , with recovery carbon dioxide and mechanisms , especially on renewable energy .
in this area , it considers that 18 thousand megawatts more are needed , with other sources of support . "
galán sustainable economy , fearing that the draft law that the government has to approve is in line with what is his company , did not want to tackle the royal decree to encourage domestic consumption of coal , which contradicts the policies to combat global warming .
according to him , there is a clear challenge to long term in this respect , despite the " specific measures , " as the president has called for iberdrola .
however , galán think investment decisions , although they are in the long term , will start to be taken because they put some time to reach maturity and a lucrative stable framework is needed to address them .
ferrovial wins the handling of aer lingus at ten airports market
the swiss company swissport airport services subsidiary of ferrovial on earth , will play the role of the irish airline aer lingus , privileged partner for goods , services in 10 european airports where it is present .
paris , london , frankfurt and brussels are greater .
the agreement , whose financial terms were not revealed , a period of five years .
reports of ferrovial , the junta of castilla-la mancha yesterday and the university of alcalá de henares signed a protocol of cooperation for the smart innovation centre infrastructure .
the alliance is an investment of 20 million 2012 , 50 % from ferrovial .
one of the tasks of the centre will conduct research on energy efficiency motorways and airports .
acciona dispute its first highway in australia hochtief and bouygues
acciona fights for his first motorway concession in australia , in which it is already market as energy and water management company .
the task at hand is a tunnel estimated 1.7 million australian dollars approximately one 047 million euros .
german french bouygues and the company hochtief its rivals .
a tunnel of five kilometres long in the australian city of brisbane , on the east coast , is the option for acciona to settle in the country as public works company and distributor of highways .
the city 's city hall to access for late 2014 .
having chosen public / private - ppp cooperation with its original british to carry out the project , within the framework of a plan to do under the supervision of erns & young , the local administration already has a list of finalistes which will be responsible for the construction and operation of the toll .
pending the submission of bids in may , the planned investment totals 1.7 million australian dollars approximately 1 047 million euros , and in the last phase three consortiums compete with a significant presence of european manufacturers .
the group called transcity led by acciona , only spanish company smoothly , and his associates are ghella mdbs .
the first australian is one of the largest manufacturers , while the latter , based in italy is one of the largest european experts to work underground .
against acciona , will hurt the team they northern directly , with the presence of the british company laing o rourke , the australian manager transfield infrastructure and the french manufacturer bouygues group .
the third and final consortium has passed the test is lbrjv , whose capital is divided between australian leighton , of the german manufacturer hochtief subsidiary , which in turn has the participation of local acs , another company , baulderstone welsh - ownership of the german bilfinger berger , the company specialising in public works , razel .
the australian market infrastructure promises major sites and privatisations , but included is a very difficult , if not through acquisition of a local construction company .
a strategy that followed the asian firms hochtief and bilfinger mentioned , in addition to their credentials , and is still a step not validated the spanish giants in the sector .
acs is just to win a place on this market through participation of 30 % in hochtief , leighton owner .
are millionaires
acciona put on a geographical area of great importance for the industry , which already has a large presence through its office of energy supplier and the désalinisation sector .
among other assets , it has the largest number of wind turbines , the waubra , 192 megawatts in victoria , and runs the company responsible for building and managing the reunification dessalinisateur adelaïde , with a budget of 700 million .
it now intends to consolidate both areas and to take advantage of the synergies to enter infrastructure construction and management contracts .
underground road toll , promoted by the office of infrastructure in the city of brisbane and the northern link - link north , will connect the toowong western highway to the way peripheral kelvin grove , see the map , by four kilometers of existing tunnel . this is the largest project to reduce traffic congestion in brisbane .
the timetable set by the administration says that the competition will take place during the summer of 2010 and that work will begin in december next year .
despite the fact that the road tolls will be open to traffic after 2014 , it is not expected that the project would be completed by 2016 .
britain began to be designed in 2005 .
include two paths twice , a complex electronic toll and a ventilation system .
the queensland government provide 500 million australian dollars , 308 million to finance it .
brisbane offer even work for hochtief
australia still largely profit hochtief , who said yesterday reaching a contract with the government reached 154 million .
the company owned by local leighton acs will equip , through its subsidiary , establishing the national optical fibre broadband network .
this speech will allow 400,000 people have fast internet access and provide jobs for the german company for 18 months .
on the other hand , the company gave the construction of the tower king george , 27 , in the city of brisbane floors . the projects have not yet started and hochtief said the sale to 129 million .
- manchester in britain , it shares with laing o rourke construction and management of two school groups for 25 years .
initial investment is 75 million euros .
fcc is adjudiquer slovenia tunnel for 64 million
fcc alpine , through its subsidiary , is adjudiquer building a 2.1 kilometers long for a motorway tunnel in slovenia , for a total 64,5 million euros .
the company won the contract , days after having held for work of enlargement of the bosruck tunnel , austria , for a $ 130 million .
alpine strengthens and his experience in the tunnels .
starting the project is scheduled for early 2010 and execution take 32 months .
sra and rushmore is adjudiquer advertising renfe
renfe said advertising and marketing services over the next two years to the agency sra rushmore , a budget of around three million euros a year , the railway operator said .
the contract mentions the possibility of two extensions of 12 months each . sra and rushmore was chosen among 16 agencies that arose in the tender organized by renfe , of which four were finalistes , including tbwa who was responsible for creativity in the last three years .
from now on , sra rushmore will be responsible for the design and production of countryside .
a fine of 63 million france telecom to curb competition
french competition regulator imposed fines of 63 million euros in france telecom 's anti-competitive conducted in the caribbean region of the country .
according to this institution , the operator has restricted competition in fixed and mobile telephony by signing exclusive agreements , prices and consumer loyalty programs outside of regulation .
with the penalty , former french monopoly and state company , is more than 450 million euros in fines since 1994 , because it puts obstacles to its competitors .
the sanctioning yesterday has been increased because the authority which ensures competition considered that france telecom has made similar attacks in the past and is therefore repeat offender .
a shop applications
on the other hand , the mobile phone subsidiary of the french company has been supporting other operators and opened a shop internet applications , with the aim of increasing revenues , which do not come from the transmission of voice .
initially the applications of orange shop will be active in france and the united kingdom .
it must wait until 2010 arrives in other countries like spain .
participation in the champions league reported 476,4 million at real madrid and barça since its establishment
the champions league became a source of income for clubs since its inception in 1992 .
indeed , the real madrid and f.c. barcelona won 467,4 million , which put them in third and fifth clubs who have earned more money in the competition .
the manchester united tops the list .
the manchester united tops the list .
won the uefa champions league does not only show . it is also one of the main sources of income of big clubs .
indeed , competition divided 5 362,5 million euros to 105 - 12 spanish teams that participated in the event since the creation of the tournament , during the 1992 season , according to information from uefa .
the f.c. barcelona and real madrid have been served in this division .
the continent 's white was the third club to reach the more money for his involvement , and the only with a.c. milan , has won three times the area .
the catalan club , now with the title and last winner of the former european cup in 1992 is fifth on the list .
first are the manchester united and bayern munich , the two teams , and have charged the more money for their participation in the last champions league .
, and despite having lost to the barça .
on the other hand , spain is only the third country , regarding the money reported in the champions league , it has won more titles than any other - five , while italy has won four , england and germany , two - three .
-
this seeming paradox is the complex procedure for distributing money applied by uefa .
this year 's body headed by michel platini will earn 1 090 million from the champions league .
of this sum , uefa will 413,1 million fixed payments : each of the 20 clubs involved to classification matches , including the madrid atlético received 2.1 million .
in addition , those who managed to participate received only to be 3.8 million , in addition to 550 midnight euros for each match played .
there is also a bonus in the event of victory - 800,000 euros and equal - 400 thousand for each team . those who arrive in huitièmes three million each receive the final eight teams arrive in final quarter of reçoivent3,3 million .
the last four teams will receive 4 million each .
and the champion wins 9 million , to 5.2 received by another final .
so at fixed payments , a club will at least 7.1 million and a maximum of 31,2 million .
of the barça has earned 2.5 million on winning the european super cup in august .
but there are variables payments , which goes 337,8 million .
it is distributed according to the proportional value each television market .
the spanish market is one of the most important and has four seats attitrées .
the champion of last year making 40 % of the money allocated 30 % in the second , 20 in the third and 10 % in the fourth .
the other part will be made according to the number of matches played in edition of this year .
nueva rumasa offers 61 million euros for sos 29.9 percent .
the nueva rumasa listed yesterday the details of the offer to purchase shares in which it intends to acquire a maximum 25 29.9 percent of capital of sos .
a percentage that does not oblige it to launch a takeover bid - takeover - for all the titles .
specifically , nueva rumasa offers 1,5025 euros per share , which will be available in 10 years and will be paid at a rate of 1 percent per year for the delay .
yesterday the sos actions have completed at 1.85 euros ; supply of nueva rumasa evaluates the company 18 % below the market .
in nueva rumasa , the price of one and a half pounds reflects the real assessment of sos .
the offer is conditional upon the appointment of eight of the 15 councillors .
jerez 's group gives a period of 15 days to shareholders show their interest in selling securities .
the cnmv said not being informed of this offer ruiz mateos , although the company has said it had contacted the regulator .
if he would place the disbursement was 611,7 million , while capital sos is 254,27 million .
meanwhile , sos continuing restructuring of its leadership .
in an attempt to remain outside any offers to buy and criminal and goes former directors , the brothers jesús and jaime salazar , announced the election of maria luis jordá as head of internal auditing .
a decision as the first woman to serve leader in the food business .
this is a newly created post depends directly from the chairman of the group .
and he is not free of controversy because the company is submerged in the legal battle for the alleged misappropriation of more than 230 million sos to companies salazar .
elsewhere , the possibility that the coming months sos reveals new misappropriation of funds can not be excluded .
on credit for salazar , former advisers ildefonso ortega and ángel fernández noriega , representatives of the ccm and unicaja said yesterday before the high court that they had been informed of the diversion of 212 million without knowing its destination .
the cnmv allows the exclusion of paternina presented by inversora sea takeover
the national committee of the stock market , cnmv gave yesterday the takeover of exclusion presented by inversora sea federico paternina on 9 october .
the supervisory body said it allowed the operation because he understood that his words to ajustaient standards and explanatory that he considered " enough " the contents of the documents presented , following the changes implemented on 2 december .
the cnmv said supply concerns the acquisition of 550 008 actions of federico paternina at a price 7,65 euros per share , which represents 8,95 % of the capital , with 6 142 786 actions admitted to negotiation on stock exchanges in madrid and bilbao .
he also explained that five 592 778 million shares were immobilisées , and could in no way be sent before the completion of the offer , he said that the price set by federico paternina in accordance with the provisions of the existing rules .
new tools for expertise cars
in these days of bad weather and injuries , is not the only winners car garages .
every day , thousands of cars were a grim are brought up in a garage where an expert to assess the damage and the cost of repairs .
each claim is different , and calculate the cost and time parts of workforce can be a long and complex process .
calculating compensation to shoulder the cost of between 20,000 and 30,000 euros , including documents and the workforce could take two or three hours .
however , with the assistance of the latest computer tools , it is a matter of minutes .
it is for this reason that almost double experts use such systems .
service providers and solutions for the evaluation of claims and maintenance are dedicated to collecting information from manufacturers and then treat and offer their customers in the form of a useful tool .
in spain , audatex , the american solera is business leader ; 80 % of the estimates are made with its products .
other companies compete in the field assessment tools and the development of information on the sector gtmotive and eurotax .
working with the information provided by manufacturers is far from easy .
according to audatex eduardo velázquez , commercial director , enterprise in spain with 63 producers and importers , and each provide information in a different format .
moreover , the amount of data to treat continues to rise , so that in the past five years , more versions , variations and motorisations were launched in the past 15 years .
when a new car lot on the market , they are at work .
it is a very difficult , because it takes catalogue every thousand pieces of the vehicle and keep prices .
in addition it establishes a graphic image each model on which we can click on " intelligent " different parts of a car of tourism .
if this is a model sold heavily , work could be ready in a week if they are moving very quickly .
if it is a little car sold it can take three or four months . now audatex has information about 99,2 % of cars sold in spain .
among the most exclusive models they have such information on the porsche , but the ferrari and lamborghini .
vehicle in circulation , the figure is 99 percent .
for the job of documentation and preparing databases , audatex has eight centers spread across the world in spain , france , germany , the united states , brazil , mexico , china and japan , and each specialises in some brands .
the national headquarters is located alcobendas in madrid .
there , more than 100 experts or mechanical general experts working simultaneously in three computer screens .
audatex invests annually 90 million to develop databases .
each month , 2.5 million data is stored , customers are actualisations every two days .
preparing this huge flow of information allows them to provide various uses and offer a variety of products .
the most frequent application for repairs and maintenance , but in different countries , there are also tools for managing or damage to calculate the value residual vénale or parts from a car .
the only company with a guide making inquiries on used car prices in spain is eurotax .
audatex proposed not in our country , but the united states .
in view of the products offered by audatex , it is easy to find out what kind of support it can provide for professionals .
this company provides 10 different tools , the flagship is audaplus , the solution standard evaluation of claims for experts .
there are cars , motorcycles and industrial light and heavy vehicles .
besides the cost of repair parts it takes into account the time estimated by the manufacturer or fees of paint .
this tool comes according to use for each estimate .
the higher cost of 5.75 euros to customers who use it little maximum ten times per month .
then every insurance company , which has thousands of expertise negotiates with audatex price .
other products , such as audavin , to allow the full identification vehicles and equipment with which it emerged from the assembly line , only by the number of windows .
audaglass focuses on car glasses and audasubastas is an open server to internet industry which provides enchérir on vehicles declared wrecks .
office of statistics is very useful to identify trends , conducting tests géo-démographiques or know the current problems of brand and model .
it is possible to study , for example , how many models of a determined went in the garage to mark a failure or how suffered serious claims for a specific period .
gt reason is the only spanish company dedicated to development of such tools .
it markets , among others , gt estimate , which is also aimed to experts and provides digital images , as well as access to documents , price and official time manufacturers .
gt prompts is a business of the einsa , founded in 1971 as a provider of services and solutions assessment , maintenance outages or devoiture disasters .
gt assessment leader is a historical reference product on the market .
the company works with 24 million users in garages , 3 100 experts and 53 insurance companies .
business volume has increased at a rate of 20 percent per year over the last three years , and made a turnover of 10,8 million in 2008 .
early last year , it began the process of globalization , with the establishment of an office in paris .
for its part , audatex originated in germany in 1966 and located in spain in 1979 .
according to sources from the company , 62 percent of its turnover is done in europe and the rest of the world , and the 38 % in north and south america . it works with 900 insurance companies and 33 , 000 , of which 3,000 are garages in spain .
the global turnover of solera - audatex group , sidexa informex abz , hollander and ims to amount to $ 557 million , 3.3 % more than in 2008 .
in our country , the company will see 19.1 million , or 7.2 percent higher than last year .
in 2005 , the group solera was quoted on grant of 1 billion dollars , today , its actions estimated a total of 2 $ 400 million .
in 2007 , it is behind the new york stock exchange and part of the benchmark standard & poor 's index .
internet auction accidentées cars
last october , the solera bought autoonline , internet platform for selling cars , motorcycles and special vehicles affected .
the operation has involved a cost 59,5 million euros for 85 percent of the company 's capital that could widen next year to 15 % .
the purpose of the acquisition was to deliver more value added services to customers , with the possibility of finding a huge international market .
estimates of this service and selling addresses only professionals such as the insurance companies , experts , leasing companies , the garages , professional casses and vendors to be registered before starting to carry out operations .
this platform was created in 1996 in germany and manage more than 650 thousand operations throughout europe , including 500,000 in germany .
its major markets include spain , greece , poland and turkey .
experts are currently more than 1500 sellers and 4,000 registered on the site .
it manages 3,000 announcements every day and on the spanish market , 100 new statements are issued every day .
under spanish law , a car with the chassis number has been removed can not move , but some parts which are not damaged can be used as spare parts .
vintage cars can be réenregistrées , although they have been withdrawn after complex procedures .
garage estimate in four stages
with the auda-taller tool , the company audatex guarantees for the user gets an estimate only four steps : identifying the vehicle , seek spare room , to create an estimate and generate .
the ease of use is an essential element of these systems , to convince the older workers who , to a greater or lesser extent , are resistant to the use of new management techniques .
the database includes 1 034 , 666 of cars , 109 tout-terrains , 137 bikes , 78 vans and 44 trucks .
naturally , to use a computer and internet connection is needed .
once the model repair identified with the number of windows , a graphic image model in question is can you really necessary selects the piece .
the user can include variables such as the price of the workforce , supplements or reduced , then it may give the estimate to get to the customer .
audataller is not a tool to estimate as audaplus but a catalogue of reference .
the difference between these two systems that for garages do not include the estimated time of workforce .
the cost of using this tool in the garage of 350 euros a year , which can be credit .
currently , the company audatex works that these pictures are in three dimensions .
this is something that engineers take a very positive because it will , for example , to select a door and turn to see the internal front .
